C51 COMPILER V9.54   I2C                                                                   02/16/2023 23:51:03 PAGE 1   


C51 COMPILER V9.54, COMPILATION OF MODULE I2C
OBJECT MODULE PLACED IN .\Objects\I2C.obj
COMPILER INVOKED BY: E:\Keil C51\C51\BIN\C51.EXE I2C.c OPTIMIZE(8,SPEED) BROWSE DEBUG OBJECTEXTEND PRINT(.\Listings\I2C.
                    -lst) TABS(2) OBJECT(.\Objects\I2C.obj)

line level    source

   1          #include <REGX52.H>
   2          
   3          sbit I2C_SCL = P2^1;
   4          sbit I2C_SDA = P2^0;
   5          int i;
   6          
   7          void I2C_Start() {
   8   1        I2C_SDA = 1;
   9   1        I2C_SCL = 1;
  10   1        I2C_SDA = 0;
  11   1        I2C_SCL = 0;
  12   1      }
  13          
  14          void I2C_Stop() {
  15   1        I2C_SDA = 0;
  16   1        I2C_SCL = 1;
  17   1        I2C_SDA = 1;
  18   1      }
  19          
  20          void I2C_SendByte(unsigned char byte) {
  21   1        for (i=0;i<8;i++) {
  22   2          I2C_SDA = byte&(0x80>>i);
  23   2          I2C_SCL = 1;
  24   2          I2C_SCL = 0;
  25   2        }
  26   1      }
  27          
  28          unsigned char I2C_ReceiveByte() {
  29   1        unsigned char byte = 0x00;
  30   1        I2C_SDA = 1;
  31   1        for (i=0;i<8;i++) {
  32   2          I2C_SCL = 1;
  33   2          if (I2C_SDA) {byte|=(0x80>>i);}
  34   2          I2C_SCL = 0;
  35   2        }
  36   1        return byte;
  37   1      }
  38          
  39          void I2C_SendAck(unsigned char AckBit) {
  40   1        I2C_SDA = AckBit;
  41   1        I2C_SCL = 1;
  42   1        I2C_SCL = 0;
  43   1      }
  44          
  45          unsigned char I2C_ReceiveAck() {
  46   1        unsigned char AckBit;
  47   1        I2C_SDA = 1;
  48   1        I2C_SCL = 1;
  49   1        AckBit = I2C_SDA;
  50   1        I2C_SCL = 0;
  51   1        return AckBit;
  52   1      }


C51 COMPILER V9.54   I2C                                                                   02/16/2023 23:51:03 PAGE 2   

MODULE INFORMATION:   STATIC OVERLAYABLE
   CODE SIZE        =    135    ----
   CONSTANT SIZE    =   ----    ----
   XDATA SIZE       =   ----    ----
   PDATA SIZE       =   ----    ----
   DATA SIZE        =      2    ----
   IDATA SIZE       =   ----    ----
   BIT SIZE         =   ----    ----
END OF MODULE INFORMATION.


C51 COMPILATION COMPLETE.  0 WARNING(S),  0 ERROR(S)
