C51 COMPILER V9.54   MAIN                                                                  02/16/2023 22:59:22 PAGE 1   


C51 COMPILER V9.54, COMPILATION OF MODULE MAIN
OBJECT MODULE PLACED IN .\Objects\main.obj
COMPILER INVOKED BY: E:\Keil C51\C51\BIN\C51.EXE main.c OPTIMIZE(8,SPEED) BROWSE DEBUG OBJECTEXTEND PRINT(.\Listings\mai
                    -n.lst) TABS(2) OBJECT(.\Objects\main.obj)

line level    source

   1          #include <REGX52.H>
   2          #include <AT24C02.h>
*** WARNING C315 IN LINE 1 OF AT24C02.h: unknown #directive 'ifnedf'
*** WARNING C312 IN LINE 7 OF AT24C02.h: misplaced endif control
   3          #include <LCD1602.h>
   4          #include <Delay.h>
   5          
   6          unsigned char Data;
   7          
   8          void main() {
   9   1        LCD_Init();
  10   1        LCD_ShowString(1, 1, "Hello");
  11   1        AT24C02_WriteByte(1, 66);
  12   1        Delay(5);
  13   1        Data = AT24C02_ReceiveByte(1);
  14   1        LCD_ShowNum(2,1,Data,3);
  15   1        while (1);
  16   1      }


MODULE INFORMATION:   STATIC OVERLAYABLE
   CODE SIZE        =     53    ----
   CONSTANT SIZE    =      6    ----
   XDATA SIZE       =   ----    ----
   PDATA SIZE       =   ----    ----
   DATA SIZE        =      1    ----
   IDATA SIZE       =   ----    ----
   BIT SIZE         =   ----    ----
END OF MODULE INFORMATION.


C51 COMPILATION COMPLETE.  2 WARNING(S),  0 ERROR(S)
